[
  {
    "level": "INFO",
    "message": "android.ndkVersion from module build.gradle is [21.1.6352462]",
    "diagnosticCode": "UNKNOWN"
  },
  {
    "level": "INFO",
    "message": "android.ndkPath from module build.gradle is not set",
    "diagnosticCode": "UNKNOWN"
  },
  {
    "level": "INFO",
    "message": "ndk.dir in local.properties is /Users/jahan/Library/Android/sdk/ndk/21.0.6113669",
    "diagnosticCode": "UNKNOWN"
  },
  {
    "level": "INFO",
    "message": "Not considering ANDROID_NDK_HOME because support was removed after deprecation period.",
    "diagnosticCode": "UNKNOWN"
  },
  {
    "level": "INFO",
    "message": "sdkFolder is /Users/jahan/Library/Android/sdk",
    "diagnosticCode": "UNKNOWN"
  }
]